<?xml version="1.0" encoding="UTF-8"?>
<!-- Generated by org.testng.reporters.JUnitXMLReporter -->
<testsuite ignored="0" hostname="DESKTOP-BO6M1Q7" failures="6" tests="7" name="parametertest" time="48.986" errors="0" timestamp="2025-03-25T10:28:23 IST">
  <testcase classname="testscript.LoginPageTest" name="incorrectusernameincorrectpassword" time="0.812"/>
  <testcase classname="testscript.LoginPageTest" name="incorrectusernameincorrectpassword" time="0.538">
    <failure type="java.lang.AssertionError" message="Login not successful expected [Login | 7rmart supermarket] but found [Dashboard | 7rmart supermarket]">
      <![CDATA[java.lang.AssertionError: Login not successful expected [Login | 7rmart supermarket] but found [Dashboard | 7rmart supermarket]
at testscript.LoginPageTest.incorrectusernameincorrectpassword(LoginPageTest.java:59)
at java.base/java.util.ArrayList.forEach(ArrayList.java:1597)
... Removed 30 stack frames]]>
    </failure>
  </testcase> <!-- incorrectusernameincorrectpassword -->
  <testcase classname="testscript.LoginPageTest" name="incorrectusernameincorrectpassword" time="0.532">
    <failure type="java.lang.AssertionError" message="Login not successful expected [Login | 7rmart supermarket] but found [Dashboard | 7rmart supermarket]">
      <![CDATA[java.lang.AssertionError: Login not successful expected [Login | 7rmart supermarket] but found [Dashboard | 7rmart supermarket]
at testscript.LoginPageTest.incorrectusernameincorrectpassword(LoginPageTest.java:59)
at java.base/java.util.ArrayList.forEach(ArrayList.java:1597)
... Removed 30 stack frames]]>
    </failure>
  </testcase> <!-- incorrectusernameincorrectpassword -->
  <testcase classname="testscript.LoginPageTest" name="incorrectusernameincorrectpassword" time="0.76">
    <failure type="java.lang.AssertionError" message="Login not successful expected [Login | 7rmart supermarket] but found [Dashboard | 7rmart supermarket]">
      <![CDATA[java.lang.AssertionError: Login not successful expected [Login | 7rmart supermarket] but found [Dashboard | 7rmart supermarket]
at testscript.LoginPageTest.incorrectusernameincorrectpassword(LoginPageTest.java:59)
at java.base/java.util.ArrayList.forEach(ArrayList.java:1597)
... Removed 30 stack frames]]>
    </failure>
  </testcase> <!-- incorrectusernameincorrectpassword -->
  <testcase classname="testscript.LoginPageTest" name="verifycorrectusernamecorrectpassword" time="1.346">
    <failure type="org.openqa.selenium.NoSuchWindowException" message="no such window: target window already closed
from unknown error: web view not found
  (Session info: MicrosoftEdge=134.0.3124.83)
Build info: version: &amp;apos;4.28.1&amp;apos;, revision: &amp;apos;73f5ad48a2&amp;apos;
System info: os.name: &amp;apos;Windows 10&amp;apos;, os.arch: &amp;apos;amd64&amp;apos;, os.version: &amp;apos;10.0&amp;apos;, java.version: &amp;apos;23.0.1&amp;apos;
Driver info: org.openqa.selenium.edge.EdgeDriver
Command: [aa2ad347eed13c9a9c5941a46774716a, getTitle {}]
Capabilities {acceptInsecureCerts: false, browserName: MicrosoftEdge, browserVersion: 134.0.3124.83, fedcm:accounts: true, ms:edgeOptions: {debuggerAddress: localhost:62504}, msedge: {msedgedriverVersion: 134.0.3124.85 (4b32110e83d3..., userDataDir: C:\Users\Mariya\AppData\Loc...}, networkConnectionEnabled: false, pageLoadStrategy: normal, platformName: windows, proxy: Proxy(), se:cdp: ws://localhost:62504/devtoo..., se:cdpVersion: 134.0.3124.83, setWindowRect: true, strictFileInteractability: false, timeouts: {implicit: 0, pageLoad: 300000, script: 30000}, unhandledPromptBehavior: dismiss and notify, webauthn:extension:credBlob: true, webauthn:extension:largeBlob: true, webauthn:extension:minPinLength: true, webauthn:extension:prf: true, webauthn:virtualAuthenticators: true}
Session ID: aa2ad347eed13c9a9c5941a46774716a">
      <![CDATA[org.openqa.selenium.NoSuchWindowException: no such window: target window already closed
from unknown error: web view not found
  (Session info: MicrosoftEdge=134.0.3124.83)
Build info: version: '4.28.1', revision: '73f5ad48a2'
System info: os.name: 'Windows 10', os.arch: 'amd64', os.version: '10.0', java.version: '23.0.1'
Driver info: org.openqa.selenium.edge.EdgeDriver
Command: [aa2ad347eed13c9a9c5941a46774716a, getTitle {}]
Capabilities {acceptInsecureCerts: false, browserName: MicrosoftEdge, browserVersion: 134.0.3124.83, fedcm:accounts: true, ms:edgeOptions: {debuggerAddress: localhost:62504}, msedge: {msedgedriverVersion: 134.0.3124.85 (4b32110e83d3..., userDataDir: C:\Users\Mariya\AppData\Loc...}, networkConnectionEnabled: false, pageLoadStrategy: normal, platformName: windows, proxy: Proxy(), se:cdp: ws://localhost:62504/devtoo..., se:cdpVersion: 134.0.3124.83, setWindowRect: true, strictFileInteractability: false, timeouts: {implicit: 0, pageLoad: 300000, script: 30000}, unhandledPromptBehavior: dismiss and notify, webauthn:extension:credBlob: true, webauthn:extension:largeBlob: true, webauthn:extension:minPinLength: true, webauthn:extension:prf: true, webauthn:virtualAuthenticators: true}
Session ID: aa2ad347eed13c9a9c5941a46774716a
at org.openqa.selenium.remote.ErrorCodec.decode(ErrorCodec.java:167)
at org.openqa.selenium.remote.codec.w3c.W3CHttpResponseCodec.decode(W3CHttpResponseCodec.java:138)
at org.openqa.selenium.remote.codec.w3c.W3CHttpResponseCodec.decode(W3CHttpResponseCodec.java:50)
at org.openqa.selenium.remote.HttpCommandExecutor.execute(HttpCommandExecutor.java:215)
at org.openqa.selenium.remote.service.DriverCommandExecutor.invokeExecute(DriverCommandExecutor.java:216)
at org.openqa.selenium.remote.service.DriverCommandExecutor.execute(DriverCommandExecutor.java:174)
at org.openqa.selenium.remote.RemoteWebDriver.execute(RemoteWebDriver.java:545)
at org.openqa.selenium.remote.RemoteWebDriver.execute(RemoteWebDriver.java:618)
at org.openqa.selenium.remote.RemoteWebDriver.execute(RemoteWebDriver.java:622)
at org.openqa.selenium.remote.RemoteWebDriver.getTitle(RemoteWebDriver.java:318)
at testscript.LoginPageTest.verifycorrectusernamecorrectpassword(LoginPageTest.java:22)
at java.base/java.util.ArrayList.forEach(ArrayList.java:1597)
... Removed 28 stack frames]]>
    </failure>
  </testcase> <!-- verifycorrectusernamecorrectpassword -->
  <testcase classname="testscript.LoginPageTest" name="verifycorrectusernameincorrectpassword" time="2.541">
    <failure type="java.lang.AssertionError" message="Login not successful expected [Login | 7rmart supermarket] but found [Dashboard | 7rmart supermarket]">
      <![CDATA[java.lang.AssertionError: Login not successful expected [Login | 7rmart supermarket] but found [Dashboard | 7rmart supermarket]
at testscript.LoginPageTest.verifycorrectusernameincorrectpassword(LoginPageTest.java:39)
at java.base/java.util.ArrayList.forEach(ArrayList.java:1597)
... Removed 30 stack frames]]>
    </failure>
  </testcase> <!-- verifycorrectusernameincorrectpassword -->
  <testcase classname="testscript.LoginPageTest" name="verifyincorrectusernamecorrectpassword" time="0.611">
    <failure type="java.lang.AssertionError" message="Login not successful expected [Login | 7rmart supermarket] but found [Dashboard | 7rmart supermarket]">
      <![CDATA[java.lang.AssertionError: Login not successful expected [Login | 7rmart supermarket] but found [Dashboard | 7rmart supermarket]
at testscript.LoginPageTest.verifyincorrectusernamecorrectpassword(LoginPageTest.java:49)
at java.base/java.util.ArrayList.forEach(ArrayList.java:1597)
... Removed 30 stack frames]]>
    </failure>
  </testcase> <!-- verifyincorrectusernamecorrectpassword -->
</testsuite> <!-- parametertest -->
