<?xml version="1.0" encoding="UTF-8"?>
<!-- Generated by org.testng.reporters.JUnitXMLReporter -->
<testsuite ignored="3" hostname="DESKTOP-BO6M1Q7" failures="1" tests="1" name="Default test" time="0.071" errors="0" timestamp="2025-03-27T16:22:49 IST">
  <testcase classname="testscript.LoginPageTest" name="verifycorrectusernamecorrectpassword" time="0.0">
    <failure type="org.testng.TestNGException" message="
Parameter &amp;apos;username&amp;apos; is required by @Test on method verifycorrectusernamecorrectpassword but has not been marked @Optional or defined
in C:\Users\Mariya\AppData\Local\Temp\testng-eclipse--2029330447\testng-customsuite.xml">
      <![CDATA[org.testng.TestNGException: 
Parameter 'username' is required by @Test on method verifycorrectusernamecorrectpassword but has not been marked @Optional or defined
in C:\Users\Mariya\AppData\Local\Temp\testng-eclipse--2029330447\testng-customsuite.xml
at org.testng.internal.Parameters.createParams(Parameters.java:264)
at org.testng.internal.Parameters.createParametersForMethod(Parameters.java:352)
at org.testng.internal.Parameters.createParameters(Parameters.java:690)
at org.testng.internal.Parameters.handleParameters(Parameters.java:885)
at org.testng.internal.Parameters.handleParameters(Parameters.java:734)
at org.testng.internal.invokers.ParameterHandler.handleParameters(ParameterHandler.java:72)
at org.testng.internal.invokers.ParameterHandler.createParameters(ParameterHandler.java:51)
at org.testng.internal.invokers.TestInvoker$MethodInvocationAgent.invoke(TestInvoker.java:946)
at org.testng.internal.invokers.TestInvoker.invokeTestMethods(TestInvoker.java:203)
at org.testng.internal.invokers.TestMethodWorker.invokeTestMethods(TestMethodWorker.java:154)
at org.testng.internal.invokers.TestMethodWorker.run(TestMethodWorker.java:134)
at java.base/java.util.ArrayList.forEach(ArrayList.java:1597)
at org.testng.TestRunner.privateRun(TestRunner.java:739)
at org.testng.TestRunner.run(TestRunner.java:614)
at org.testng.SuiteRunner.runTest(SuiteRunner.java:421)
at org.testng.SuiteRunner.runSequentially(SuiteRunner.java:413)
at org.testng.SuiteRunner.privateRun(SuiteRunner.java:373)
at org.testng.SuiteRunner.run(SuiteRunner.java:312)
at org.testng.SuiteRunnerWorker.runSuite(SuiteRunnerWorker.java:52)
at org.testng.SuiteRunnerWorker.run(SuiteRunnerWorker.java:95)
at org.testng.TestNG.runSuitesSequentially(TestNG.java:1274)
at org.testng.TestNG.runSuitesLocally(TestNG.java:1208)
at org.testng.TestNG.runSuites(TestNG.java:1112)
at org.testng.TestNG.run(TestNG.java:1079)
at org.testng.remote.AbstractRemoteTestNG.run(AbstractRemoteTestNG.java:115)
at org.testng.remote.RemoteTestNG.initAndRun(RemoteTestNG.java:293)
at org.testng.remote.RemoteTestNG.main(RemoteTestNG.java:91)
]]>
    </failure>
  </testcase> <!-- verifycorrectusernamecorrectpassword -->
  <testcase classname="testscript.LoginPageTest" name="verifycorrectusernameincorrectpassword" time="0.0">
    <ignored/>
  </testcase> <!-- verifycorrectusernameincorrectpassword -->
  <testcase classname="testscript.LoginPageTest" name="incorrectusernameincorrectpassword" time="0.0">
    <ignored/>
  </testcase> <!-- incorrectusernameincorrectpassword -->
  <testcase classname="testscript.LoginPageTest" name="verifyincorrectusernamecorrectpassword" time="0.0">
    <ignored/>
  </testcase> <!-- verifyincorrectusernamecorrectpassword -->
</testsuite> <!-- Default test -->
