<?xml version="1.0" encoding="UTF-8"?>
<!-- Generated by org.testng.reporters.JUnitXMLReporter -->
<testsuite ignored="2" hostname="DESKTOP-BO6M1Q7" failures="2" tests="2" name="groupingtest" time="17.262" errors="0" timestamp="2025-03-31T14:30:08 IST">
  <testcase classname="testscript.LoginPageTest" name="verifycorrectusernamecorrectpassword" time="0.0">
    <failure type="org.testng.TestNGException" message="
Parameter &amp;apos;username&amp;apos; is required by @Test on method verifycorrectusernamecorrectpassword but has not been marked @Optional or defined
in D:\Java_course_tintu\Eclipse\7rmartsupermarket\grouping.xml">
      <![CDATA[org.testng.TestNGException: 
Parameter 'username' is required by @Test on method verifycorrectusernamecorrectpassword but has not been marked @Optional or defined
in D:\Java_course_tintu\Eclipse\7rmartsupermarket\grouping.xml
at java.base/java.util.ArrayList.forEach(ArrayList.java:1597)
... Removed 26 stack frames]]>
    </failure>
  </testcase> <!-- verifycorrectusernamecorrectpassword -->
  <testcase classname="testscript.LoginPageTest" name="verifycorrectusernameincorrectpassword" time="5.087">
    <failure type="java.lang.AssertionError" message="Login not successful expected [Login | 7rmart supermarket] but found [Dashboard | 7rmart supermarket]">
      <![CDATA[java.lang.AssertionError: Login not successful expected [Login | 7rmart supermarket] but found [Dashboard | 7rmart supermarket]
at testscript.LoginPageTest.verifycorrectusernameincorrectpassword(LoginPageTest.java:39)
at java.base/java.util.ArrayList.forEach(ArrayList.java:1597)
... Removed 30 stack frames]]>
    </failure>
  </testcase> <!-- verifycorrectusernameincorrectpassword -->
  <testcase classname="testscript.LoginPageTest" name="incorrectusernameincorrectpassword" time="0.0">
    <ignored/>
  </testcase> <!-- incorrectusernameincorrectpassword -->
  <testcase classname="testscript.LoginPageTest" name="verifyincorrectusernamecorrectpassword" time="0.0">
    <ignored/>
  </testcase> <!-- verifyincorrectusernamecorrectpassword -->
</testsuite> <!-- groupingtest -->
